[debug] [2026-01-02T01:27:37.877Z] ----------------------------------------------------------------------
[debug] [2026-01-02T01:27:37.882Z] Command:       C:\Program Files\nodejs\node.exe C:\Users\nicol\AppData\Roaming\npm\node_modules\firebase-tools\lib\bin\firebase.js init
[debug] [2026-01-02T01:27:37.883Z] CLI Version:   15.1.0
[debug] [2026-01-02T01:27:37.883Z] Platform:      win32
[debug] [2026-01-02T01:27:37.884Z] Node Version:  v24.12.0
[debug] [2026-01-02T01:27:37.884Z] Time:          Thu Jan 01 2026 22:27:37 GMT-0300 (hora estándar de Argentina)
[debug] [2026-01-02T01:27:37.884Z] ----------------------------------------------------------------------
[debug] 
[info] 
     ######## #### ########  ######## ########     ###     ######  ########
     ##        ##  ##     ## ##       ##     ##  ##   ##  ##       ##
     ######    ##  ########  ######   ########  #########  ######  ######
     ##        ##  ##    ##  ##       ##     ## ##     ##       ## ##
     ##       #### ##     ## ######## ########  ##     ##  ######  ########

You're about to initialize a Firebase project in this directory:

  C:\Users\nicol\Documents\GitHub\bankOfMonopoly

[info] 
=== Project Setup
[info] 
[info] First, let's associate this project directory with a Firebase project.
[info] You can create multiple project aliases by running firebase use --add, 
[info] 
[debug] [2026-01-02T01:28:34.859Z] > command requires scopes: ["email","openid","https://www.googleapis.com/auth/cloudplatformprojects.readonly","https://www.googleapis.com/auth/firebase","https://www.googleapis.com/auth/cloud-platform"]
[debug] [2026-01-02T01:28:34.860Z] > authorizing via signed-in user (nicobravo1308@gmail.com)
[debug] [2026-01-02T01:28:34.862Z] Checked if tokens are valid: true, expires at: 1767320838560
[debug] [2026-01-02T01:28:34.862Z] Checked if tokens are valid: true, expires at: 1767320838560
[debug] [2026-01-02T01:28:34.864Z] >>> [apiv2][query] GET https://firebase.googleapis.com/v1beta1/projects pageSize=100
[debug] [2026-01-02T01:28:36.728Z] <<< [apiv2][status] GET https://firebase.googleapis.com/v1beta1/projects 200
[debug] [2026-01-02T01:28:36.728Z] <<< [apiv2][body] GET https://firebase.googleapis.com/v1beta1/projects [omitted]
[info] 
=== Hosting Setup
[debug] [2026-01-02T01:28:40.849Z] Checked if tokens are valid: true, expires at: 1767320838560
[debug] [2026-01-02T01:28:40.850Z] Checked if tokens are valid: true, expires at: 1767320838560
[debug] [2026-01-02T01:28:40.850Z] >>> [apiv2][query] GET https://firebase.googleapis.com/v1beta1/projects/bancomonopoly [none]
[debug] [2026-01-02T01:28:41.370Z] <<< [apiv2][status] GET https://firebase.googleapis.com/v1beta1/projects/bancomonopoly 200
[debug] [2026-01-02T01:28:41.370Z] <<< [apiv2][body] GET https://firebase.googleapis.com/v1beta1/projects/bancomonopoly {"projectId":"bancomonopoly","projectNumber":"343127933312","displayName":"bancomonopoly","name":"projects/bancomonopoly","resources":{"hostingSite":"bancomonopoly"},"state":"ACTIVE","etag":"1_16bb7bd1-c92d-4a7b-b0f2-ad18288eec4d"}
[info] 
[info] Your public directory is the folder (relative to your project directory) that
[info] will contain Hosting assets to be uploaded with firebase deploy. If you
[info] have a build process for your assets, use your build's output directory.
[info] 
[info] 
[info] i  Detected a .git folder at C:\Users\nicol\Documents\GitHub\bankOfMonopoly 
[info] i  Authorizing with GitHub to upload your service account to a GitHub repository's secrets store. 
[info] 
[info] Visit this URL on this device to log in:
[info] https://github.com/login/oauth/authorize?client_id=89cf50f02ac6aaed3484&state=845178026&redirect_uri=http%3A%2F%2Flocalhost%3A9005&scope=read%3Auser%20repo%20public_repo
[info] 
[info] Waiting for authentication...
[debug] [2026-01-02T01:29:00.979Z] >>> [apiv2][query] POST https://github.com/login/oauth/access_token [none]
[debug] [2026-01-02T01:29:00.979Z] >>> [apiv2][body] POST https://github.com/login/oauth/access_token [stream]
[debug] [2026-01-02T01:29:01.705Z] <<< [apiv2][status] POST https://github.com/login/oauth/access_token 200
[debug] [2026-01-02T01:29:01.706Z] <<< [apiv2][body] POST https://github.com/login/oauth/access_token {"access_token":"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","token_type":"bearer","scope":"read:user,repo"}
[debug] [2026-01-02T01:29:01.719Z] >>> [apiv2][query] GET https://api.github.com/user [none]
[debug] [2026-01-02T01:29:02.748Z] <<< [apiv2][status] GET https://api.github.com/user 200
[debug] [2026-01-02T01:29:02.748Z] <<< [apiv2][body] GET https://api.github.com/user {"login":"Nicolasbravoo","id":133974749,"node_id":"U_kgDOB_xK3Q","avatar_url":"https://avatars.githubusercontent.com/u/133974749?v=4","gravatar_id":"","url":"https://api.github.com/users/Nicolasbravoo","html_url":"https://github.com/Nicolasbravoo","followers_url":"https://api.github.com/users/Nicolasbravoo/followers","following_url":"https://api.github.com/users/Nicolasbravoo/following{/other_user}","gists_url":"https://api.github.com/users/Nicolasbravoo/gists{/gist_id}","starred_url":"https://api.github.com/users/Nicolasbravoo/starred{/owner}{/repo}","subscriptions_url":"https://api.github.com/users/Nicolasbravoo/subscriptions","organizations_url":"https://api.github.com/users/Nicolasbravoo/orgs","repos_url":"https://api.github.com/users/Nicolasbravoo/repos","events_url":"https://api.github.com/users/Nicolasbravoo/events{/privacy}","received_events_url":"https://api.github.com/users/Nicolasbravoo/received_events","type":"User","user_view_type":"private","site_admin":false,"name":null,"company":null,"blog":"","location":null,"email":null,"hireable":null,"bio":null,"twitter_username":null,"notification_email":null,"public_repos":6,"public_gists":0,"followers":0,"following":0,"created_at":"2023-05-18T12:24:50Z","updated_at":"2025-11-12T20:35:36Z","private_gists":0,"total_private_repos":1,"owned_private_repos":1,"disk_usage":155853,"collaborators":0,"two_factor_authentication":false,"plan":{"name":"free","space":976562499,"collaborators":0,"private_repos":10000}}
[info] 
[info] +  Success! Logged into GitHub as Nicolasbravoo 
[info] 
